TN:
SF:script/bridge/BridgeToMumbai.s.sol
FN:12,BridgeToMumbai.bridgeToMumbai
FNDA:0,BridgeToMumbai.bridgeToMumbai
DA:13,0
DA:14,0
DA:16,0
DA:18,0
DA:23,0
FN:26,BridgeToMumbai.run
FNDA:0,BridgeToMumbai.run
DA:27,0
DA:29,0
DA:31,0
FNF:2
FNH:0
LF:8
LH:0
BRF:0
BRH:0
end_of_record
TN:
SF:script/bridge/BridgeToOptimismGoerli.s.sol
FN:13,BridgeToOptimismGoerli.bridgeToOptimism
FNDA:0,BridgeToOptimismGoerli.bridgeToOptimism
DA:14,0
DA:15,0
DA:17,0
DA:19,0
DA:24,0
FN:27,BridgeToOptimismGoerli.run
FNDA:0,BridgeToOptimismGoerli.run
DA:28,0
DA:30,0
DA:32,0
FNF:2
FNH:0
LF:8
LH:0
BRF:0
BRH:0
end_of_record
TN:
SF:script/deploy/DeployToArbitrumGoerli.s.sol
FN:72,DeployGreeterToArbitrumGoerli.deployGreeter
FNDA:0,DeployGreeterToArbitrumGoerli.deployGreeter
DA:73,0
DA:74,0
FN:77,DeployGreeterToArbitrumGoerli.run
FNDA:0,DeployGreeterToArbitrumGoerli.run
DA:78,0
DA:80,0
DA:82,0
FN:26,DeployCrossChainExecutorToArbitrumGoerli.run
FNDA:0,DeployCrossChainExecutorToArbitrumGoerli.run
DA:27,0
DA:29,0
DA:31,0
FN:37,SetCrossChainExecutor.setCrossChainExecutor
FNDA:0,SetCrossChainExecutor.setCrossChainExecutor
DA:38,0
DA:39,0
DA:41,0
FN:44,SetCrossChainExecutor.run
FNDA:0,SetCrossChainExecutor.run
DA:45,0
DA:47,0
DA:49,0
FN:55,SetCrossChainRelayer.setCrossChainRelayer
FNDA:0,SetCrossChainRelayer.setCrossChainRelayer
DA:56,0
DA:57,0
DA:59,0
FN:62,SetCrossChainRelayer.run
FNDA:0,SetCrossChainRelayer.run
DA:63,0
DA:65,0
DA:67,0
FN:16,DeployCrossChainRelayerToGoerli.run
FNDA:0,DeployCrossChainRelayerToGoerli.run
DA:17,0
DA:19,0
DA:21,0
FNF:8
FNH:0
LF:23
LH:0
BRF:0
BRH:0
end_of_record
TN:
SF:script/deploy/DeployToMumbai.s.sol
FN:75,DeployGreeterToMumbai.run
FNDA:0,DeployGreeterToMumbai.run
DA:76,0
DA:78,0
DA:79,0
DA:81,0
FN:40,SetFxChildTunnel.setFxChildTunnel
FNDA:0,SetFxChildTunnel.setFxChildTunnel
DA:41,0
DA:42,0
DA:44,0
FN:47,SetFxChildTunnel.run
FNDA:0,SetFxChildTunnel.run
DA:48,0
DA:50,0
DA:52,0
FN:58,SetFxRootTunnel.setFxRootTunnel
FNDA:0,SetFxRootTunnel.setFxRootTunnel
DA:59,0
DA:60,0
DA:62,0
FN:65,SetFxRootTunnel.run
FNDA:0,SetFxRootTunnel.run
DA:66,0
DA:68,0
DA:70,0
FN:17,DeployCrossChainRelayerToGoerli.run
FNDA:0,DeployCrossChainRelayerToGoerli.run
DA:18,0
DA:20,0
DA:22,0
FN:29,DeployCrossChainExecutorToMumbai.run
FNDA:0,DeployCrossChainExecutorToMumbai.run
DA:30,0
DA:32,0
DA:34,0
FNF:7
FNH:0
LF:22
LH:0
BRF:0
BRH:0
end_of_record
TN:
SF:script/deploy/DeployToOptimismGoerli.s.sol
FN:74,DeployGreeterToOptimismGoerli.deployGreeter
FNDA:0,DeployGreeterToOptimismGoerli.deployGreeter
DA:75,0
DA:76,0
FN:79,DeployGreeterToOptimismGoerli.run
FNDA:0,DeployGreeterToOptimismGoerli.run
DA:80,0
DA:82,0
DA:84,0
FN:57,SetCrossChainRelayer.setCrossChainRelayer
FNDA:0,SetCrossChainRelayer.setCrossChainRelayer
DA:58,0
DA:59,0
DA:61,0
FN:64,SetCrossChainRelayer.run
FNDA:0,SetCrossChainRelayer.run
DA:65,0
DA:67,0
DA:69,0
FN:28,DeployCrossChainExecutorToOptimismGoerli.run
FNDA:0,DeployCrossChainExecutorToOptimismGoerli.run
DA:29,0
DA:31,0
DA:33,0
FN:39,SetCrossChainExecutor.setCrossChainExecutor
FNDA:0,SetCrossChainExecutor.setCrossChainExecutor
DA:40,0
DA:41,0
DA:43,0
FN:46,SetCrossChainExecutor.run
FNDA:0,SetCrossChainExecutor.run
DA:47,0
DA:49,0
DA:51,0
FN:16,DeployCrossChainRelayerToGoerli.run
FNDA:0,DeployCrossChainRelayerToGoerli.run
DA:17,0
DA:19,0
DA:21,0
FNF:8
FNH:0
LF:23
LH:0
BRF:0
BRH:0
end_of_record
TN:
SF:script/helpers/DeployedContracts.sol
FN:30,DeployedContracts._getDeploymentArtifacts
FNDA:0,DeployedContracts._getDeploymentArtifacts
DA:34,0
DA:35,0
DA:36,0
DA:37,0
DA:38,0
DA:39,0
DA:40,0
DA:43,0
DA:44,0
DA:45,0
DA:46,0
DA:48,0
DA:49,0
DA:52,0
FN:55,DeployedContracts._getContractAddress
FNDA:0,DeployedContracts._getContractAddress
DA:60,0
DA:62,0
DA:65,0
DA:66,0
DA:67,0
DA:68,0
DA:74,0
BRDA:73,0,0,-
BRDA:73,0,1,-
DA:76,0
DA:81,0
FN:87,DeployedContracts._getCrossChainRelayerOptimism
FNDA:0,DeployedContracts._getCrossChainRelayerOptimism
DA:88,0
FN:98,DeployedContracts._getCrossChainExecutorOptimism
FNDA:0,DeployedContracts._getCrossChainExecutorOptimism
DA:99,0
FN:105,DeployedContracts._getGreeterOptimism
FNDA:0,DeployedContracts._getGreeterOptimism
DA:106,0
FN:110,DeployedContracts._getCrossChainRelayerPolygon
FNDA:0,DeployedContracts._getCrossChainRelayerPolygon
DA:111,0
FN:121,DeployedContracts._getCrossChainExecutorPolygon
FNDA:0,DeployedContracts._getCrossChainExecutorPolygon
DA:122,0
FN:128,DeployedContracts._getGreeterPolygon
FNDA:0,DeployedContracts._getGreeterPolygon
DA:129,0
FN:133,DeployedContracts._getCrossChainRelayerArbitrum
FNDA:0,DeployedContracts._getCrossChainRelayerArbitrum
DA:134,0
FN:144,DeployedContracts._getCrossChainExecutorArbitrum
FNDA:0,DeployedContracts._getCrossChainExecutorArbitrum
DA:145,0
FN:151,DeployedContracts._getGreeterArbitrum
FNDA:0,DeployedContracts._getGreeterArbitrum
DA:152,0
FNF:11
FNH:0
LF:32
LH:0
BRF:2
BRH:0
end_of_record
TN:
SF:src/ExecutorAware.sol
FN:40,ExecutorAware.isTrustedForwarder
FNDA:0,ExecutorAware.isTrustedForwarder
DA:41,10
FN:50,ExecutorAware._msgSender
FNDA:4,ExecutorAware._msgSender
DA:51,4
DA:53,4
BRDA:53,0,0,4
BRDA:53,0,1,4
DA:55,4
FN:64,ExecutorAware._nonce
FNDA:4,ExecutorAware._nonce
DA:67,4
BRDA:67,1,0,4
BRDA:67,1,1,4
DA:69,4
FNF:3
FNH:2
LF:6
LH:6
BRF:4
BRH:4
end_of_record
TN:
SF:src/executors/CrossChainExecutorArbitrum.sol
FN:39,CrossChainExecutorArbitrum.executeCalls
FNDA:4,CrossChainExecutorArbitrum.executeCalls
DA:44,4
BRDA:44,0,0,1
BRDA:44,0,1,3
DA:46,3
DA:48,3
DA:50,2
DA:52,2
DA:53,2
DA:55,2
DA:59,2
BRDA:59,1,0,-
BRDA:59,1,1,2
DA:60,0
DA:64,2
DA:66,2
FN:74,CrossChainExecutorArbitrum.setRelayer
FNDA:6,CrossChainExecutorArbitrum.setRelayer
DA:75,6
BRDA:75,2,0,1
BRDA:75,2,1,5
DA:76,5
FN:86,CrossChainExecutorArbitrum._isAuthorized
FNDA:3,CrossChainExecutorArbitrum._isAuthorized
DA:87,3
BRDA:87,3,0,1
BRDA:87,3,1,2
FNF:3
FNH:3
LF:14
LH:13
BRF:8
BRH:7
end_of_record
TN:
SF:src/executors/CrossChainExecutorOptimism.sol
FN:53,CrossChainExecutorOptimism.executeCalls
FNDA:2,CrossChainExecutorOptimism.executeCalls
DA:58,2
BRDA:58,0,0,-
BRDA:58,0,1,2
DA:60,2
DA:62,2
DA:64,1
DA:66,1
DA:67,1
DA:69,1
DA:73,1
BRDA:73,1,0,-
BRDA:73,1,1,1
DA:74,0
DA:78,1
DA:80,1
FN:88,CrossChainExecutorOptimism.setRelayer
FNDA:6,CrossChainExecutorOptimism.setRelayer
DA:89,6
BRDA:89,2,0,-
BRDA:89,2,1,6
DA:90,6
FN:99,CrossChainExecutorOptimism._isAuthorized
FNDA:2,CrossChainExecutorOptimism._isAuthorized
DA:100,2
DA:102,2
BRDA:102,3,0,1
BRDA:102,3,1,1
FNF:3
FNH:3
LF:15
LH:14
BRF:8
BRH:5
end_of_record
TN:
SF:src/executors/CrossChainExecutorPolygon.sol
FN:70,CrossChainExecutorPolygon._processMessageFromRoot
FNDA:2,CrossChainExecutorPolygon._processMessageFromRoot
DA:75,2
DA:80,2
BRDA:80,0,0,-
BRDA:80,0,1,2
DA:82,2
DA:84,2
DA:85,2
DA:87,2
DA:91,2
BRDA:91,1,0,1
BRDA:91,1,1,1
DA:92,1
DA:96,1
DA:98,1
FNF:1
FNH:1
LF:10
LH:10
BRF:4
BRH:3
end_of_record
TN:
SF:src/relayers/CrossChainRelayerArbitrum.sol
FN:75,CrossChainRelayerArbitrum.relayCalls
FNDA:3,CrossChainRelayerArbitrum.relayCalls
DA:76,3
DA:78,3
BRDA:78,0,0,1
BRDA:78,0,1,2
DA:79,1
DA:82,2
DA:84,2
DA:86,2
DA:88,2
FN:103,CrossChainRelayerArbitrum.processCalls
FNDA:2,CrossChainRelayerArbitrum.processCalls
DA:111,2
BRDA:111,1,0,1
BRDA:111,1,1,1
DA:113,1
DA:120,1
DA:131,1
DA:133,1
FN:141,CrossChainRelayerArbitrum.setExecutor
FNDA:7,CrossChainRelayerArbitrum.setExecutor
DA:142,7
BRDA:142,2,0,1
BRDA:142,2,1,6
DA:143,6
FN:155,CrossChainRelayerArbitrum.getTxHash
FNDA:4,CrossChainRelayerArbitrum.getTxHash
DA:161,4
FN:175,CrossChainRelayerArbitrum._getTxHash
FNDA:8,CrossChainRelayerArbitrum._getTxHash
DA:181,8
FNF:5
FNH:5
LF:16
LH:16
BRF:6
BRH:6
end_of_record
TN:
SF:src/relayers/CrossChainRelayerOptimism.sol
FN:57,CrossChainRelayerOptimism.relayCalls
FNDA:2,CrossChainRelayerOptimism.relayCalls
DA:58,2
DA:60,2
BRDA:60,0,0,1
BRDA:60,0,1,1
DA:61,1
DA:64,1
DA:66,1
DA:68,1
DA:79,1
FN:87,CrossChainRelayerOptimism.setExecutor
FNDA:6,CrossChainRelayerOptimism.setExecutor
DA:88,6
BRDA:88,1,0,-
BRDA:88,1,1,6
DA:89,6
FNF:2
FNH:2
LF:9
LH:9
BRF:4
BRH:3
end_of_record
TN:
SF:src/relayers/CrossChainRelayerPolygon.sol
FN:57,CrossChainRelayerPolygon.relayCalls
FNDA:2,CrossChainRelayerPolygon.relayCalls
DA:58,2
DA:60,2
BRDA:60,0,0,1
BRDA:60,0,1,1
DA:61,1
DA:64,1
DA:66,1
DA:68,1
DA:70,1
FN:76,CrossChainRelayerPolygon._processMessageFromChild
FNDA:0,CrossChainRelayerPolygon._processMessageFromChild
DA:77,0
FNF:2
FNH:1
LF:8
LH:7
BRF:2
BRH:2
end_of_record
TN:
SF:test/contracts/Greeter.sol
FN:23,Greeter.greet
FNDA:4,Greeter.greet
DA:24,4
FN:27,Greeter.setGreeting
FNDA:6,Greeter.setGreeting
DA:28,6
BRDA:28,0,0,2
BRDA:28,0,1,4
DA:30,4
DA:31,4
FNF:2
FNH:2
LF:4
LH:4
BRF:2
BRH:2
end_of_record
TN:
SF:test/contracts/mock/ArbInbox.sol
FN:19,ArbInbox.pause
FNDA:0,ArbInbox.pause
DA:20,0
FN:23,ArbInbox.unpause
FNDA:0,ArbInbox.unpause
DA:24,0
FN:27,ArbInbox.initialize
FNDA:0,ArbInbox.initialize
DA:28,0
BRDA:28,0,0,-
BRDA:28,0,1,-
DA:29,0
FN:37,ArbInbox.sendL2MessageFromOrigin
FNDA:0,ArbInbox.sendL2MessageFromOrigin
DA:39,0
BRDA:39,1,0,-
BRDA:39,1,1,-
DA:40,0
DA:41,0
DA:42,0
FN:50,ArbInbox.sendL2Message
FNDA:0,ArbInbox.sendL2Message
DA:51,0
DA:52,0
DA:53,0
FN:56,ArbInbox.deliverToBridge
FNDA:0,ArbInbox.deliverToBridge
DA:61,0
FN:64,ArbInbox.sendUnsignedTransaction
FNDA:0,ArbInbox.sendUnsignedTransaction
DA:72,0
FN:75,ArbInbox.sendContractTransaction
FNDA:0,ArbInbox.sendContractTransaction
DA:82,0
FN:85,ArbInbox.sendL1FundedUnsignedTransaction
FNDA:0,ArbInbox.sendL1FundedUnsignedTransaction
DA:92,0
FN:95,ArbInbox.sendL1FundedContractTransaction
FNDA:0,ArbInbox.sendL1FundedContractTransaction
DA:101,0
FN:104,ArbInbox.generateRandomNumber
FNDA:1,ArbInbox.generateRandomNumber
DA:105,2
FN:108,ArbInbox.createRetryableTicket
FNDA:1,ArbInbox.createRetryableTicket
DA:118,1
FN:121,ArbInbox.unsafeCreateRetryableTicket
FNDA:0,ArbInbox.unsafeCreateRetryableTicket
DA:131,0
FN:134,ArbInbox.sendL1FundedUnsignedTransactionToFork
FNDA:0,ArbInbox.sendL1FundedUnsignedTransactionToFork
DA:141,0
FN:144,ArbInbox.sendUnsignedTransactionToFork
FNDA:0,ArbInbox.sendUnsignedTransactionToFork
DA:152,0
FN:155,ArbInbox.sendWithdrawEthToFork
FNDA:0,ArbInbox.sendWithdrawEthToFork
DA:162,0
FN:165,ArbInbox.depositEth
FNDA:0,ArbInbox.depositEth
DA:166,0
FN:169,ArbInbox.postUpgradeInit
FNDA:0,ArbInbox.postUpgradeInit
FN:171,ArbInbox.calculateRetryableSubmissionFee
FNDA:0,ArbInbox.calculateRetryableSubmissionFee
DA:177,0
FNF:19
FNH:2
LF:24
LH:2
BRF:4
BRH:0
end_of_record
