TN:
SF:src/abstract/ExecutorAware.sol
FN:37,ExecutorAware.isTrustedExecutor
FN:47,ExecutorAware._msgSender
FN:61,ExecutorAware._nonce
FNDA:4,ExecutorAware._nonce
FNDA:4,ExecutorAware._msgSender
FNDA:0,ExecutorAware.isTrustedExecutor
FNF:3
FNH:2
DA:38,10
DA:48,4
DA:50,4
DA:52,4
DA:64,4
DA:66,4
LF:6
LH:6
end_of_record
TN:
SF:src/ethereum-arbitrum/EthereumToArbitrumExecutor.sol
FN:31,CrossChainExecutorArbitrum.executeCalls
FN:52,CrossChainExecutorArbitrum.setRelayer
FN:64,CrossChainExecutorArbitrum._isAuthorized
FNDA:4,CrossChainExecutorArbitrum._isAuthorized
FNDA:4,CrossChainExecutorArbitrum.executeCalls
FNDA:6,CrossChainExecutorArbitrum.setRelayer
FNF:3
FNH:3
DA:36,4
DA:37,4
DA:39,3
DA:40,3
DA:42,3
DA:44,2
DA:53,6
DA:54,5
DA:65,4
LF:9
LH:9
end_of_record
TN:
SF:src/ethereum-arbitrum/EthereumToArbitrumRelayer.sol
FN:67,CrossChainRelayerArbitrum.relayCalls
FN:101,CrossChainRelayerArbitrum.processCalls
FN:139,CrossChainRelayerArbitrum.setExecutor
FN:153,CrossChainRelayerArbitrum.getTxHash
FN:173,CrossChainRelayerArbitrum._getTxHash
FNDA:8,CrossChainRelayerArbitrum._getTxHash
FNDA:7,CrossChainRelayerArbitrum.setExecutor
FNDA:3,CrossChainRelayerArbitrum.relayCalls
FNDA:4,CrossChainRelayerArbitrum.getTxHash
FNDA:2,CrossChainRelayerArbitrum.processCalls
FNF:5
FNH:5
DA:72,3
DA:74,3
DA:75,1
DA:78,2
DA:80,2
DA:82,2
DA:84,2
DA:86,2
DA:109,2
DA:111,1
DA:118,1
DA:129,1
DA:131,1
DA:140,7
DA:141,6
DA:159,4
DA:179,8
LF:17
LH:17
end_of_record
TN:
SF:src/ethereum-optimism/EthereumToOptimismExecutor.sol
FN:45,CrossChainExecutorOptimism.executeCalls
FN:66,CrossChainExecutorOptimism.setRelayer
FN:77,CrossChainExecutorOptimism._isAuthorized
FNDA:2,CrossChainExecutorOptimism.executeCalls
FNDA:2,CrossChainExecutorOptimism._isAuthorized
FNDA:6,CrossChainExecutorOptimism.setRelayer
FNF:3
FNH:3
DA:50,2
DA:51,2
DA:53,1
DA:54,1
DA:56,1
DA:58,1
DA:67,6
DA:68,6
DA:78,2
DA:80,2
LF:10
LH:10
end_of_record
TN:
SF:src/ethereum-optimism/EthereumToOptimismRelayer.sol
FN:49,CrossChainRelayerOptimism.relayCalls
FN:85,CrossChainRelayerOptimism.setExecutor
FNDA:2,CrossChainRelayerOptimism.relayCalls
FNDA:6,CrossChainRelayerOptimism.setExecutor
FNF:2
FNH:2
DA:54,2
DA:56,2
DA:57,1
DA:60,1
DA:62,1
DA:64,1
DA:75,1
DA:77,1
DA:86,6
DA:87,6
LF:10
LH:10
end_of_record
TN:
SF:src/ethereum-polygon/EthereumToPolygonExecutor.sol
FN:44,CrossChainExecutorPolygon._processMessageFromRoot
FNDA:2,CrossChainExecutorPolygon._processMessageFromRoot
FNF:1
FNH:1
DA:49,2
DA:54,2
DA:55,2
DA:57,2
DA:59,1
LF:5
LH:5
end_of_record
TN:
SF:src/ethereum-polygon/EthereumToPolygonRelayer.sol
FN:45,CrossChainRelayerPolygon.relayCalls
FN:74,CrossChainRelayerPolygon._processMessageFromChild
FNDA:2,CrossChainRelayerPolygon.relayCalls
FNDA:0,CrossChainRelayerPolygon._processMessageFromChild
FNF:2
FNH:1
DA:50,2
DA:52,2
DA:53,1
DA:56,1
DA:58,1
DA:60,1
DA:62,1
DA:64,1
LF:8
LH:8
end_of_record
TN:
SF:src/libraries/CallLib.sol
FN:49,CallLib.executeCalls
FNDA:6,CallLib.executeCalls
FNF:1
FNH:1
DA:55,6
DA:56,1
DA:59,5
DA:61,5
DA:62,5
DA:64,5
DA:68,5
DA:69,1
LF:8
LH:8
end_of_record
TN:
SF:test/contracts/Greeter.sol
FN:23,Greeter.greet
FN:27,Greeter.setGreeting
FNDA:6,Greeter.setGreeting
FNDA:4,Greeter.greet
FNF:2
FNH:2
DA:24,4
DA:28,6
DA:30,4
DA:31,4
LF:4
LH:4
end_of_record
